Using pre-set license
Built from '2020.3/release' branch; Version is '2020.3.12f1 (b3b2c6512326) revision 11776710'; Using compiler version '192528614'; Build Type 'Release'
OS: 'Windows 10 Pro; OS build 19041.1165; Version 2004; 64bit' Language: 'tr' Physical Memory: 8050 MB
BatchMode: 1, IsHumanControllingUs: 0, StartBugReporterOnCrash: 0, Is64bit: 1, IsPro: 0

 COMMAND LINE ARGUMENTS:
C:\Program Files\Unity\Hub\Editor\2020.3.12f1\Editor\Unity.exe
-adb2
-batchMode
-noUpm
-name
AssetImportWorker0
-projectPath
C:/Users/Omer/Desktop/CreateWithCode/LabUnity
-logFile
Logs/AssetImportWorker0.log
-srvPort
50611
Successfully changed project path to: C:/Users/Omer/Desktop/CreateWithCode/LabUnity
C:/Users/Omer/Desktop/CreateWithCode/LabUnity
Using Asset Import Pipeline V2.
Refreshing native plugins compatible for Editor in 35.38 ms, found 2 plugins.
Preloading 0 native plugins for Editor in 0.00 ms.
Initialize engine version: 2020.3.12f1 (b3b2c6512326)
[Subsystems] Discovering subsystems at path C:/Program Files/Unity/Hub/Editor/2020.3.12f1/Editor/Data/Resources/UnitySubsystems
[Subsystems] Discovering subsystems at path C:/Users/Omer/Desktop/CreateWithCode/LabUnity/Assets
GfxDevice: creating device client; threaded=0
Direct3D:
    Version:  Direct3D 11.0 [level 11.1]
    Renderer: NVIDIA GeForce GTX 1650 (ID=0x1f91)
    Vendor:   
    VRAM:     3962 MB
    Driver:   30.0.14.7196
Initialize mono
Mono path[0] = 'C:/Program Files/Unity/Hub/Editor/2020.3.12f1/Editor/Data/Managed'
Mono path[1] = 'C:/Program Files/Unity/Hub/Editor/2020.3.12f1/Editor/Data/MonoBleedingEdge/lib/mono/unityjit'
Mono config path = 'C:/Program Files/Unity/Hub/Editor/2020.3.12f1/Editor/Data/MonoBleedingEdge/etc'
Using monoOptions --debugger-agent=transport=dt_socket,embedding=1,server=y,suspend=n,address=127.0.0.1:56532
Begin MonoManager ReloadAssembly
Registering precompiled unity dll's ...
Register platform support module: C:/Program Files/Unity/Hub/Editor/2020.3.12f1/Editor/Data/PlaybackEngines/WebGLSupport/UnityEditor.WebGL.Extensions.dll
Register platform support module: C:/Program Files/Unity/Hub/Editor/2020.3.12f1/Editor/Data/PlaybackEngines/WindowsStandaloneSupport/UnityEditor.WindowsStandalone.Extensions.dll
Registered in 0.002154 seconds.
Native extension for WindowsStandalone target not found
Native extension for WebGL target not found
Refreshing native plugins compatible for Editor in 29.06 ms, found 2 plugins.
Preloading 0 native plugins for Editor in 0.00 ms.
Mono: successfully reloaded assembly
- Completed reload, in  2.124 seconds
Platform modules already initialized, skipping
Registering precompiled user dll's ...
Registered in 0.003540 seconds.
Begin MonoManager ReloadAssembly
Native extension for WindowsStandalone target not found
Native extension for WebGL target not found
Refreshing native plugins compatible for Editor in 0.34 ms, found 2 plugins.
Preloading 0 native plugins for Editor in 0.00 ms.
Mono: successfully reloaded assembly
- Completed reload, in  0.930 seconds
Platform modules already initialized, skipping
========================================================================
Worker process is ready to serve import requests
Launched and connected shader compiler UnityShaderCompiler.exe after 0.05 seconds
Refreshing native plugins compatible for Editor in 0.37 ms, found 2 plugins.
Preloading 0 native plugins for Editor in 0.00 ms.
Unloading 1538 Unused Serialized files (Serialized files now loaded: 0)
System memory in use before: 71.0 MB.
System memory in use after: 71.0 MB.

Unloading 20 unused Assets to reduce memory usage. Loaded Objects now: 1971.
Total: 1.979100 ms (FindLiveObjects: 0.137300 ms CreateObjectMapping: 0.045200 ms MarkObjects: 1.730100 ms  DeleteObjects: 0.065700 ms)

AssetImportParameters requested are different than current active one (requested -> active):
  custom:framework-win-MediaFoundation: 216162199b28c13a410421893ffa2e32 -> 
  custom:video-decoder-ogg-theora: a1e56fd34408186e4bbccfd4996cb3dc -> 
  custom:container-muxer-webm: aa71ff27fc2769a1b78a27578f13a17b -> 
  custom:container-demuxer-webm: 4f35f7cbe854078d1ac9338744f61a02 -> 
  custom:container-demuxer-ogg: 62fdf1f143b41e24485cea50d1cbac27 -> 
  custom:video-encoder-webm-vp8: eb34c28f22e8b96e1ab97ce403110664 -> 
  custom:video-decoder-webm-vp8: 9c59270c3fd7afecdb556c50c9e8de78 -> 
  custom:audio-decoder-ogg-vorbis: bf7c407c2cedff20999df2af8eb42d56 -> 
  custom:audio-encoder-webm-vorbis: bf7c407c2cedff20999df2af8eb42d56 -> 
========================================================================
Received Import Request.
  path: Assets/Prefabs/Player.prefab
  artifactKey: Guid(78b14f60f0f5a3542b882e756aec8bb6) Importer(815301076,1909f56bfc062723c751e8b465ee728b)
Start importing Assets/Prefabs/Player.prefab using Guid(78b14f60f0f5a3542b882e756aec8bb6) Importer(815301076,1909f56bfc062723c751e8b465ee728b)  -> (artifact id: '9d7d7e284e3cb334e6d5fb4302089ead') in 0.116520 seconds 
  Import took 0.119077 seconds .

========================================================================
Received Import Request.
  Time since last request: 9.173872 seconds.
  path: Assets/Course Library/Animals/Forest
  artifactKey: Guid(99124cad3f103ca49a476c14da029be7) Importer(815301076,1909f56bfc062723c751e8b465ee728b)
Start importing Assets/Course Library/Animals/Forest using Guid(99124cad3f103ca49a476c14da029be7) Importer(815301076,1909f56bfc062723c751e8b465ee728b)  -> (artifact id: 'a442ab7e44588dc6e7dc67edfe5f6c5a') in 0.006958 seconds 
  Import took 0.009785 seconds .

========================================================================
Received Prepare
Registering precompiled user dll's ...
Registered in 0.003657 seconds.
Begin MonoManager ReloadAssembly
Native extension for WindowsStandalone target not found
Native extension for WebGL target not found
Refreshing native plugins compatible for Editor in 0.36 ms, found 2 plugins.
Preloading 0 native plugins for Editor in 0.00 ms.
Mono: successfully reloaded assembly
- Completed reload, in  1.106 seconds
Platform modules already initialized, skipping
Refreshing native plugins compatible for Editor in 0.39 ms, found 2 plugins.
Preloading 0 native plugins for Editor in 0.00 ms.
Unloading 1531 Unused Serialized files (Serialized files now loaded: 0)
System memory in use before: 73.9 MB.
System memory in use after: 73.9 MB.

Unloading 15 unused Assets to reduce memory usage. Loaded Objects now: 1983.
Total: 1.821800 ms (FindLiveObjects: 0.143900 ms CreateObjectMapping: 0.045300 ms MarkObjects: 1.587000 ms  DeleteObjects: 0.044700 ms)

AssetImportParameters requested are different than current active one (requested -> active):
  custom:framework-win-MediaFoundation: 216162199b28c13a410421893ffa2e32 -> 
  custom:video-decoder-ogg-theora: a1e56fd34408186e4bbccfd4996cb3dc -> 
  custom:container-muxer-webm: aa71ff27fc2769a1b78a27578f13a17b -> 
  custom:container-demuxer-webm: 4f35f7cbe854078d1ac9338744f61a02 -> 
  custom:container-demuxer-ogg: 62fdf1f143b41e24485cea50d1cbac27 -> 
  custom:video-encoder-webm-vp8: eb34c28f22e8b96e1ab97ce403110664 -> 
  custom:video-decoder-webm-vp8: 9c59270c3fd7afecdb556c50c9e8de78 -> 
  custom:audio-decoder-ogg-vorbis: bf7c407c2cedff20999df2af8eb42d56 -> 
  custom:audio-encoder-webm-vorbis: bf7c407c2cedff20999df2af8eb42d56 -> 
========================================================================
Received Import Request.
  Time since last request: 645.653073 seconds.
  path: Assets/Course Library/Objects
  artifactKey: Guid(0d4d3714055e64b7a9101c22ac0407b1) Importer(815301076,1909f56bfc062723c751e8b465ee728b)
Start importing Assets/Course Library/Objects using Guid(0d4d3714055e64b7a9101c22ac0407b1) Importer(815301076,1909f56bfc062723c751e8b465ee728b)  -> (artifact id: '440f7520906c6a268fde0157e6b1186a') in 0.012065 seconds 
  Import took 0.014565 seconds .

========================================================================
Received Import Request.
  Time since last request: 7.049715 seconds.
  path: Assets/Course Library/Animals
  artifactKey: Guid(5c354ccae577b5241ad9a95dfda449d0) Importer(815301076,1909f56bfc062723c751e8b465ee728b)
Start importing Assets/Course Library/Animals using Guid(5c354ccae577b5241ad9a95dfda449d0) Importer(815301076,1909f56bfc062723c751e8b465ee728b)  -> (artifact id: '69a3bc154b49aace945df443489896b5') in 0.007255 seconds 
  Import took 0.009904 seconds .

========================================================================
Received Import Request.
  Time since last request: 0.632840 seconds.
  path: Assets/Course Library/_Source_Files
  artifactKey: Guid(0a11fcdc511c6724095926c167391bd6) Importer(815301076,1909f56bfc062723c751e8b465ee728b)
Start importing Assets/Course Library/_Source_Files using Guid(0a11fcdc511c6724095926c167391bd6) Importer(815301076,1909f56bfc062723c751e8b465ee728b)  -> (artifact id: '3c338a94ea660eb4736ee8ab80632f58') in 0.009920 seconds 
  Import took 0.012662 seconds .

========================================================================
Received Import Request.
  Time since last request: 7.767059 seconds.
  path: Assets/Course Library
  artifactKey: Guid(10a492cb0e85ae145b9cc221cc7928fa) Importer(815301076,1909f56bfc062723c751e8b465ee728b)
Start importing Assets/Course Library using Guid(10a492cb0e85ae145b9cc221cc7928fa) Importer(815301076,1909f56bfc062723c751e8b465ee728b)  -> (artifact id: '0455c90037662167776cba6a99d3f84d') in 0.010295 seconds 
  Import took 0.020075 seconds .

========================================================================
Received Import Request.
  Time since last request: 1.743269 seconds.
  path: Assets/Scenes
  artifactKey: Guid(476f5a5e411b3594a8457797f1e467b0) Importer(815301076,1909f56bfc062723c751e8b465ee728b)
Start importing Assets/Scenes using Guid(476f5a5e411b3594a8457797f1e467b0) Importer(815301076,1909f56bfc062723c751e8b465ee728b)  -> (artifact id: '779793d709f578b15bb3d70a661b2072') in 0.007115 seconds 
  Import took 0.010297 seconds .

========================================================================
Received Import Request.
  Time since last request: 5.536244 seconds.
  path: Assets/Course Library/Environments
  artifactKey: Guid(9adf4911ba9b441c7b1dd27fe12b6487) Importer(815301076,1909f56bfc062723c751e8b465ee728b)
Start importing Assets/Course Library/Environments using Guid(9adf4911ba9b441c7b1dd27fe12b6487) Importer(815301076,1909f56bfc062723c751e8b465ee728b)  -> (artifact id: 'f7ca7eb083df8253760918cfa8041386') in 0.007190 seconds 
  Import took 0.010378 seconds .

========================================================================
Received Import Request.
  Time since last request: 1.239853 seconds.
  path: Assets/Course Library/Environments/Backgrounds
  artifactKey: Guid(df776867b4ded9c4396ba6ff433f7154) Importer(815301076,1909f56bfc062723c751e8b465ee728b)
Start importing Assets/Course Library/Environments/Backgrounds using Guid(df776867b4ded9c4396ba6ff433f7154) Importer(815301076,1909f56bfc062723c751e8b465ee728b)  -> (artifact id: '2c888db79bc83c570722a525ccf7fb8c') in 0.007031 seconds 
  Import took 0.010765 seconds .

========================================================================
Received Import Request.
  Time since last request: 2.092931 seconds.
  path: Assets/Course Library/Environments/Ground
  artifactKey: Guid(efafaf37aee603d4c84285f594a32b00) Importer(815301076,1909f56bfc062723c751e8b465ee728b)
Start importing Assets/Course Library/Environments/Ground using Guid(efafaf37aee603d4c84285f594a32b00) Importer(815301076,1909f56bfc062723c751e8b465ee728b)  -> (artifact id: '6dd191bdffd366d74437f97ffd0d7492') in 0.017841 seconds 
  Import took 0.020602 seconds .

========================================================================
Received Import Request.
  Time since last request: 7.799463 seconds.
  path: Assets/Course Library/Environments/Sky/Clouds
  artifactKey: Guid(89d2738b9f349423ea80d24a84671345) Importer(815301076,1909f56bfc062723c751e8b465ee728b)
Start importing Assets/Course Library/Environments/Sky/Clouds using Guid(89d2738b9f349423ea80d24a84671345) Importer(815301076,1909f56bfc062723c751e8b465ee728b)  -> (artifact id: '81a830519463814a3f27599060fe0b41') in 0.005246 seconds 
  Import took 0.008218 seconds .

========================================================================
Received Import Request.
  Time since last request: 0.000821 seconds.
  path: Assets/Course Library/Environments/Sky/Clouds
  artifactKey: Guid(89d2738b9f349423ea80d24a84671345) Importer(815301076,1909f56bfc062723c751e8b465ee728b)
Start importing Assets/Course Library/Environments/Sky/Clouds using Guid(89d2738b9f349423ea80d24a84671345) Importer(815301076,1909f56bfc062723c751e8b465ee728b)  -> (artifact id: '81a830519463814a3f27599060fe0b41') in 0.001742 seconds 
  Import took 0.004544 seconds .

========================================================================
Received Import Request.
  Time since last request: 32.195630 seconds.
  path: Assets/Course Library/Textures
  artifactKey: Guid(33ab4ddf0ec584ea9be241571718b7da) Importer(815301076,1909f56bfc062723c751e8b465ee728b)
Start importing Assets/Course Library/Textures using Guid(33ab4ddf0ec584ea9be241571718b7da) Importer(815301076,1909f56bfc062723c751e8b465ee728b)  -> (artifact id: 'c7858b6a123411ca126e6ad18dfa1aeb') in 0.007709 seconds 
  Import took 0.010752 seconds .

========================================================================
Received Import Request.
  Time since last request: 65.456163 seconds.
  path: Assets/AurynSky/Gems Ultimate Pack/Prefabs/4 Side Diamond.prefab
  artifactKey: Guid(0ed203d298c050b49bfabe788790e1c2) Importer(815301076,1909f56bfc062723c751e8b465ee728b)
Start importing Assets/AurynSky/Gems Ultimate Pack/Prefabs/4 Side Diamond.prefab using Guid(0ed203d298c050b49bfabe788790e1c2) Importer(815301076,1909f56bfc062723c751e8b465ee728b)  -> (artifact id: '940761f96d2634dd37b3efead023ffa0') in 0.146398 seconds 
  Import took 0.149991 seconds .

========================================================================
Received Import Request.
  Time since last request: 3.737514 seconds.
  path: Assets/AurynSky/Gems Ultimate Pack/Prefabs/5 Side Diamond.prefab
  artifactKey: Guid(c3c0707254334a64ca8198f7486e977d) Importer(815301076,1909f56bfc062723c751e8b465ee728b)
Start importing Assets/AurynSky/Gems Ultimate Pack/Prefabs/5 Side Diamond.prefab using Guid(c3c0707254334a64ca8198f7486e977d) Importer(815301076,1909f56bfc062723c751e8b465ee728b)  -> (artifact id: '924badb3937730dd493ac32952125c2c') in 0.011834 seconds 
  Import took 0.014664 seconds .

========================================================================
Received Import Request.
  Time since last request: 0.816717 seconds.
  path: Assets/AurynSky/Gems Ultimate Pack/Prefabs/BeveledStar.prefab
  artifactKey: Guid(f5c872ee906a85b46aa65e0ab683ed9f) Importer(815301076,1909f56bfc062723c751e8b465ee728b)
Start importing Assets/AurynSky/Gems Ultimate Pack/Prefabs/BeveledStar.prefab using Guid(f5c872ee906a85b46aa65e0ab683ed9f) Importer(815301076,1909f56bfc062723c751e8b465ee728b)  -> (artifact id: 'b0738f1dcc890b3d150c0731a2068bd5') in 0.012306 seconds 
  Import took 0.015244 seconds .

========================================================================
Received Import Request.
  Time since last request: 0.687187 seconds.
  path: Assets/AurynSky/Gems Ultimate Pack/Prefabs/Cubie.prefab
  artifactKey: Guid(38dea0631a962ad45b71e2759e4240d8) Importer(815301076,1909f56bfc062723c751e8b465ee728b)
Start importing Assets/AurynSky/Gems Ultimate Pack/Prefabs/Cubie.prefab using Guid(38dea0631a962ad45b71e2759e4240d8) Importer(815301076,1909f56bfc062723c751e8b465ee728b)  -> (artifact id: '3d28d673c26abf4186e1ee29dc8fdc38') in 0.011874 seconds 
  Import took 0.014567 seconds .

========================================================================
Received Import Request.
  Time since last request: 0.662168 seconds.
  path: Assets/AurynSky/Gems Ultimate Pack/Prefabs/CubieBeveled.prefab
  artifactKey: Guid(b34bf25cecb5fc24c91de3edea19cb13) Importer(815301076,1909f56bfc062723c751e8b465ee728b)
Start importing Assets/AurynSky/Gems Ultimate Pack/Prefabs/CubieBeveled.prefab using Guid(b34bf25cecb5fc24c91de3edea19cb13) Importer(815301076,1909f56bfc062723c751e8b465ee728b)  -> (artifact id: 'bc6e1bd398caec14818d7826d884d805') in 0.018260 seconds 
  Import took 0.021197 seconds .

========================================================================
Received Import Request.
  Time since last request: 0.854340 seconds.
  path: Assets/AurynSky/Gems Ultimate Pack/Prefabs/Cuboid.prefab
  artifactKey: Guid(6a7274aefcc6cef4fbbfba924cc7f657) Importer(815301076,1909f56bfc062723c751e8b465ee728b)
Start importing Assets/AurynSky/Gems Ultimate Pack/Prefabs/Cuboid.prefab using Guid(6a7274aefcc6cef4fbbfba924cc7f657) Importer(815301076,1909f56bfc062723c751e8b465ee728b)  -> (artifact id: '32eecca2ae3f810f61cef5ee1bc7506c') in 0.012406 seconds 
  Import took 0.015217 seconds .

========================================================================
Received Import Request.
  Time since last request: 0.689776 seconds.
  path: Assets/AurynSky/Gems Ultimate Pack/Prefabs/Diamondo.prefab
  artifactKey: Guid(5c02591794acece409986647ed6329a7) Importer(815301076,1909f56bfc062723c751e8b465ee728b)
Start importing Assets/AurynSky/Gems Ultimate Pack/Prefabs/Diamondo.prefab using Guid(5c02591794acece409986647ed6329a7) Importer(815301076,1909f56bfc062723c751e8b465ee728b)  -> (artifact id: 'cc79b4c072703d299eb3756eee03018f') in 0.012448 seconds 
  Import took 0.016331 seconds .

========================================================================
Received Import Request.
  Time since last request: 0.731881 seconds.
  path: Assets/AurynSky/Gems Ultimate Pack/Prefabs/Diamondo5side.prefab
  artifactKey: Guid(cd34118c604e29141afea74caecd70f2) Importer(815301076,1909f56bfc062723c751e8b465ee728b)
Start importing Assets/AurynSky/Gems Ultimate Pack/Prefabs/Diamondo5side.prefab using Guid(cd34118c604e29141afea74caecd70f2) Importer(815301076,1909f56bfc062723c751e8b465ee728b)  -> (artifact id: 'a1432051aad5605665ef91774a94c332') in 0.011829 seconds 
  Import took 0.014738 seconds .

========================================================================
Received Import Request.
  Time since last request: 1.409920 seconds.
  path: Assets/AurynSky/Gems Ultimate Pack/Prefabs/HardStar.prefab
  artifactKey: Guid(c4bf8b30fce268044a786a8600922324) Importer(815301076,1909f56bfc062723c751e8b465ee728b)
Start importing Assets/AurynSky/Gems Ultimate Pack/Prefabs/HardStar.prefab using Guid(c4bf8b30fce268044a786a8600922324) Importer(815301076,1909f56bfc062723c751e8b465ee728b)  -> (artifact id: '8b40a4fb11bf98e4dabd38476cdecd3e') in 0.011574 seconds 
  Import took 0.014426 seconds .

========================================================================
Received Import Request.
  Time since last request: 0.663991 seconds.
  path: Assets/AurynSky/Gems Ultimate Pack/Prefabs/Heart.prefab
  artifactKey: Guid(5a0537415d4017c4fad7a4986f502dc1) Importer(815301076,1909f56bfc062723c751e8b465ee728b)
Start importing Assets/AurynSky/Gems Ultimate Pack/Prefabs/Heart.prefab using Guid(5a0537415d4017c4fad7a4986f502dc1) Importer(815301076,1909f56bfc062723c751e8b465ee728b)  -> (artifact id: '7da36b1bfe7b7c4ad9e0287dc7e5c1e1') in 0.018023 seconds 
  Import took 0.020871 seconds .

========================================================================
Received Import Request.
  Time since last request: 0.744181 seconds.
  path: Assets/AurynSky/Gems Ultimate Pack/Prefabs/Hexgon.prefab
  artifactKey: Guid(676e107eeafc5524b97910d76516565d) Importer(815301076,1909f56bfc062723c751e8b465ee728b)
Start importing Assets/AurynSky/Gems Ultimate Pack/Prefabs/Hexgon.prefab using Guid(676e107eeafc5524b97910d76516565d) Importer(815301076,1909f56bfc062723c751e8b465ee728b)  -> (artifact id: 'f1105523cb110967914139fd269e0894') in 0.011492 seconds 
  Import took 0.014680 seconds .

========================================================================
Received Import Request.
  Time since last request: 0.808814 seconds.
  path: Assets/AurynSky/Gems Ultimate Pack/Prefabs/Penta.prefab
  artifactKey: Guid(1a73058088a4b204bb3a13aff5c48489) Importer(815301076,1909f56bfc062723c751e8b465ee728b)
Start importing Assets/AurynSky/Gems Ultimate Pack/Prefabs/Penta.prefab using Guid(1a73058088a4b204bb3a13aff5c48489) Importer(815301076,1909f56bfc062723c751e8b465ee728b)  -> (artifact id: '456f4bed5eae00e83574fa0a4e9f37d0') in 0.012767 seconds 
  Import took 0.015516 seconds .

========================================================================
Received Import Request.
  Time since last request: 0.695991 seconds.
  path: Assets/AurynSky/Gems Ultimate Pack/Prefabs/SoftStar.prefab
  artifactKey: Guid(8f226a393243a0141bace5fd6b60bafa) Importer(815301076,1909f56bfc062723c751e8b465ee728b)
Start importing Assets/AurynSky/Gems Ultimate Pack/Prefabs/SoftStar.prefab using Guid(8f226a393243a0141bace5fd6b60bafa) Importer(815301076,1909f56bfc062723c751e8b465ee728b)  -> (artifact id: '0255a33a8a8a0aad507629b9dfc3f8c0') in 0.011851 seconds 
  Import took 0.014667 seconds .

========================================================================
Received Import Request.
  Time since last request: 0.989411 seconds.
  path: Assets/AurynSky/Gems Ultimate Pack/Prefabs/SphereGemLarge.prefab
  artifactKey: Guid(8b40cffea67202d4bbf662b25de4c94a) Importer(815301076,1909f56bfc062723c751e8b465ee728b)
Start importing Assets/AurynSky/Gems Ultimate Pack/Prefabs/SphereGemLarge.prefab using Guid(8b40cffea67202d4bbf662b25de4c94a) Importer(815301076,1909f56bfc062723c751e8b465ee728b)  -> (artifact id: '7477d525d0335a67a6003aa2083ba017') in 0.011926 seconds 
  Import took 0.014561 seconds .

========================================================================
Received Import Request.
  Time since last request: 1.161767 seconds.
  path: Assets/AurynSky/Gems Ultimate Pack/Prefabs/SphereGemSmall.prefab
  artifactKey: Guid(af16961524284e54491133548920258b) Importer(815301076,1909f56bfc062723c751e8b465ee728b)
Start importing Assets/AurynSky/Gems Ultimate Pack/Prefabs/SphereGemSmall.prefab using Guid(af16961524284e54491133548920258b) Importer(815301076,1909f56bfc062723c751e8b465ee728b)  -> (artifact id: 'edcba717e537e6ba10f0f4df9aea6eee') in 0.015344 seconds 
  Import took 0.018059 seconds .

========================================================================
Received Import Request.
  Time since last request: 1.110941 seconds.
  path: Assets/AurynSky/Gems Ultimate Pack/Prefabs/Spiral.prefab
  artifactKey: Guid(586acbe765df7c34385298970076297e) Importer(815301076,1909f56bfc062723c751e8b465ee728b)
Start importing Assets/AurynSky/Gems Ultimate Pack/Prefabs/Spiral.prefab using Guid(586acbe765df7c34385298970076297e) Importer(815301076,1909f56bfc062723c751e8b465ee728b)  -> (artifact id: '4446255fa38422634e92b6aca12c57b6') in 0.011351 seconds 
  Import took 0.014120 seconds .

========================================================================
Received Import Request.
  Time since last request: 83.324200 seconds.
  path: Assets/AurynSky/Gems Ultimate Pack/Prefabs/Heart.prefab
  artifactKey: Guid(5a0537415d4017c4fad7a4986f502dc1) Importer(815301076,1909f56bfc062723c751e8b465ee728b)
Start importing Assets/AurynSky/Gems Ultimate Pack/Prefabs/Heart.prefab using Guid(5a0537415d4017c4fad7a4986f502dc1) Importer(815301076,1909f56bfc062723c751e8b465ee728b)  -> (artifact id: '1dd7558a382ec3aa06f1fdff1c9831e6') in 0.017681 seconds 
  Import took 0.020449 seconds .

========================================================================
Received Import Request.
  Time since last request: 17.921776 seconds.
  path: Assets/Prefabs/PowerUp.prefab
  artifactKey: Guid(30b72b39cc64ecb4898dcd02099df7de) Importer(815301076,1909f56bfc062723c751e8b465ee728b)
Start importing Assets/Prefabs/PowerUp.prefab using Guid(30b72b39cc64ecb4898dcd02099df7de) Importer(815301076,1909f56bfc062723c751e8b465ee728b)  -> (artifact id: '6140ce042b8622bad7ff0f6b6571274b') in 0.026279 seconds 
  Import took 0.030119 seconds .

========================================================================
Received Import Request.
  Time since last request: 0.000990 seconds.
  path: Assets/Prefabs/PowerUp.prefab
  artifactKey: Guid(30b72b39cc64ecb4898dcd02099df7de) Importer(815301076,1909f56bfc062723c751e8b465ee728b)
Start importing Assets/Prefabs/PowerUp.prefab using Guid(30b72b39cc64ecb4898dcd02099df7de) Importer(815301076,1909f56bfc062723c751e8b465ee728b)  -> (artifact id: '6140ce042b8622bad7ff0f6b6571274b') in 0.009305 seconds 
  Import took 0.012676 seconds .

========================================================================
Received Import Request.
  Time since last request: 62.134102 seconds.
  path: Assets/Prefabs/PowerUp.prefab
  artifactKey: Guid(30b72b39cc64ecb4898dcd02099df7de) Importer(815301076,1909f56bfc062723c751e8b465ee728b)
Start importing Assets/Prefabs/PowerUp.prefab using Guid(30b72b39cc64ecb4898dcd02099df7de) Importer(815301076,1909f56bfc062723c751e8b465ee728b)  -> (artifact id: 'a4c67832bba75a68a6e795a3ae322914') in 0.018458 seconds 
  Import took 0.021299 seconds .

========================================================================
Received Import Request.
  Time since last request: 0.003264 seconds.
  path: Assets/Prefabs/PowerUp.prefab
  artifactKey: Guid(30b72b39cc64ecb4898dcd02099df7de) Importer(815301076,1909f56bfc062723c751e8b465ee728b)
Start importing Assets/Prefabs/PowerUp.prefab using Guid(30b72b39cc64ecb4898dcd02099df7de) Importer(815301076,1909f56bfc062723c751e8b465ee728b)  -> (artifact id: 'a4c67832bba75a68a6e795a3ae322914') in 0.007777 seconds 
  Import took 0.010533 seconds .

========================================================================
Received Import Request.
  Time since last request: 13.950355 seconds.
  path: Assets/Prefabs/Enemy1.prefab
  artifactKey: Guid(5c51a03c486cf724ab2798f23400b59d) Importer(815301076,1909f56bfc062723c751e8b465ee728b)
Start importing Assets/Prefabs/Enemy1.prefab using Guid(5c51a03c486cf724ab2798f23400b59d) Importer(815301076,1909f56bfc062723c751e8b465ee728b)  -> (artifact id: '478a98e5f251bcdda28371478667bf9e') in 0.011492 seconds 
  Import took 0.014184 seconds .

========================================================================
Received Import Request.
  Time since last request: 0.003348 seconds.
  path: Assets/Prefabs/Enemy1.prefab
  artifactKey: Guid(5c51a03c486cf724ab2798f23400b59d) Importer(815301076,1909f56bfc062723c751e8b465ee728b)
Start importing Assets/Prefabs/Enemy1.prefab using Guid(5c51a03c486cf724ab2798f23400b59d) Importer(815301076,1909f56bfc062723c751e8b465ee728b)  -> (artifact id: '478a98e5f251bcdda28371478667bf9e') in 0.006231 seconds 
  Import took 0.008913 seconds .

========================================================================
Received Import Request.
  Time since last request: 6.148669 seconds.
  path: Assets/AurynSky
  artifactKey: Guid(043e7ff0cb53b5548ac5a99e3854f065) Importer(815301076,1909f56bfc062723c751e8b465ee728b)
Start importing Assets/AurynSky using Guid(043e7ff0cb53b5548ac5a99e3854f065) Importer(815301076,1909f56bfc062723c751e8b465ee728b)  -> (artifact id: 'c6d540bc5df0a39dddae116012f6e637') in 0.007931 seconds 
  Import took 0.011601 seconds .

========================================================================
Received Import Request.
  Time since last request: 16.749289 seconds.
  path: Assets/Course Library/Vehicles/Cars/SM_Veh_Convertable_01.prefab
  artifactKey: Guid(bfec9736616e0d74fa58c16f2e83dcdc) Importer(815301076,1909f56bfc062723c751e8b465ee728b)
Start importing Assets/Course Library/Vehicles/Cars/SM_Veh_Convertable_01.prefab using Guid(bfec9736616e0d74fa58c16f2e83dcdc) Importer(815301076,1909f56bfc062723c751e8b465ee728b)  -> (artifact id: 'a6137dbe658873d6ee77cfbf8b6c6816') in 0.495557 seconds 
  Import took 0.498296 seconds .

========================================================================
Received Import Request.
  Time since last request: 54.743452 seconds.
  path: Assets/Prefabs/Enemy1.prefab
  artifactKey: Guid(5c51a03c486cf724ab2798f23400b59d) Importer(815301076,1909f56bfc062723c751e8b465ee728b)
Start importing Assets/Prefabs/Enemy1.prefab using Guid(5c51a03c486cf724ab2798f23400b59d) Importer(815301076,1909f56bfc062723c751e8b465ee728b)  -> (artifact id: 'b85aa3b507e6a5f29dcc502381c057cf') in 0.022641 seconds 
  Import took 0.025739 seconds .

========================================================================
Received Import Request.
  Time since last request: 0.025677 seconds.
  path: Assets/Prefabs/Enemy1.prefab
  artifactKey: Guid(5c51a03c486cf724ab2798f23400b59d) Importer(815301076,1909f56bfc062723c751e8b465ee728b)
Start importing Assets/Prefabs/Enemy1.prefab using Guid(5c51a03c486cf724ab2798f23400b59d) Importer(815301076,1909f56bfc062723c751e8b465ee728b)  -> (artifact id: 'b85aa3b507e6a5f29dcc502381c057cf') in 0.017131 seconds 
  Import took 0.020518 seconds .

========================================================================
Received Prepare
Registering precompiled user dll's ...
Registered in 0.003308 seconds.
Begin MonoManager ReloadAssembly
Native extension for WindowsStandalone target not found
Native extension for WebGL target not found
Refreshing native plugins compatible for Editor in 0.34 ms, found 2 plugins.
Preloading 0 native plugins for Editor in 0.00 ms.
Mono: successfully reloaded assembly
- Completed reload, in  0.837 seconds
Platform modules already initialized, skipping
Refreshing native plugins compatible for Editor in 0.37 ms, found 2 plugins.
Preloading 0 native plugins for Editor in 0.00 ms.
Unloading 1531 Unused Serialized files (Serialized files now loaded: 0)
System memory in use before: 74.0 MB.
System memory in use after: 74.1 MB.

Unloading 15 unused Assets to reduce memory usage. Loaded Objects now: 1989.
Total: 1.676900 ms (FindLiveObjects: 0.130500 ms CreateObjectMapping: 0.039800 ms MarkObjects: 1.467100 ms  DeleteObjects: 0.038600 ms)

AssetImportParameters requested are different than current active one (requested -> active):
  custom:framework-win-MediaFoundation: 216162199b28c13a410421893ffa2e32 -> 
  custom:video-decoder-ogg-theora: a1e56fd34408186e4bbccfd4996cb3dc -> 
  custom:container-muxer-webm: aa71ff27fc2769a1b78a27578f13a17b -> 
  custom:container-demuxer-webm: 4f35f7cbe854078d1ac9338744f61a02 -> 
  custom:container-demuxer-ogg: 62fdf1f143b41e24485cea50d1cbac27 -> 
  custom:video-encoder-webm-vp8: eb34c28f22e8b96e1ab97ce403110664 -> 
  custom:video-decoder-webm-vp8: 9c59270c3fd7afecdb556c50c9e8de78 -> 
  custom:audio-decoder-ogg-vorbis: bf7c407c2cedff20999df2af8eb42d56 -> 
  custom:audio-encoder-webm-vorbis: bf7c407c2cedff20999df2af8eb42d56 -> 
========================================================================
Received Import Request.
  Time since last request: 20.478995 seconds.
  path: Assets/Prefabs/Enemy2.prefab
  artifactKey: Guid(2127732810af04247bb84b2bb313ba3b) Importer(815301076,1909f56bfc062723c751e8b465ee728b)
Start importing Assets/Prefabs/Enemy2.prefab using Guid(2127732810af04247bb84b2bb313ba3b) Importer(815301076,1909f56bfc062723c751e8b465ee728b)  -> (artifact id: '7c31a48f99815f3cc8b3400ab742663b') in 0.064854 seconds 
  Import took 0.067397 seconds .

========================================================================
Received Import Request.
  Time since last request: 4.037140 seconds.
  path: Assets/Course Library/Vehicles/Cars/Veh_Armor_Car_01.prefab
  artifactKey: Guid(aea2a6cdcc9d7944090d528486ebaee1) Importer(815301076,1909f56bfc062723c751e8b465ee728b)
Start importing Assets/Course Library/Vehicles/Cars/Veh_Armor_Car_01.prefab using Guid(aea2a6cdcc9d7944090d528486ebaee1) Importer(815301076,1909f56bfc062723c751e8b465ee728b)  -> (artifact id: 'dee6aae7483251bcfa8970e911ba5e18') in 0.028859 seconds 
  Import took 0.031753 seconds .

========================================================================
Received Import Request.
  Time since last request: 22.261487 seconds.
  path: Assets/Prefabs/Enemy3.prefab
  artifactKey: Guid(40e4d18fae0eb924cb3cf3dbcc9f6875) Importer(815301076,1909f56bfc062723c751e8b465ee728b)
Start importing Assets/Prefabs/Enemy3.prefab using Guid(40e4d18fae0eb924cb3cf3dbcc9f6875) Importer(815301076,1909f56bfc062723c751e8b465ee728b)  -> (artifact id: '08fb0355ec18b263d5f1958b0804a3ea') in 0.011957 seconds 
  Import took 0.014440 seconds .

========================================================================
Received Import Request.
  Time since last request: 0.000743 seconds.
  path: Assets/Prefabs/Enemy3.prefab
  artifactKey: Guid(40e4d18fae0eb924cb3cf3dbcc9f6875) Importer(815301076,1909f56bfc062723c751e8b465ee728b)
Start importing Assets/Prefabs/Enemy3.prefab using Guid(40e4d18fae0eb924cb3cf3dbcc9f6875) Importer(815301076,1909f56bfc062723c751e8b465ee728b)  -> (artifact id: '08fb0355ec18b263d5f1958b0804a3ea') in 0.007456 seconds 
  Import took 0.009868 seconds .

========================================================================
Received Import Request.
  Time since last request: 18.590437 seconds.
  path: Assets/Prefabs/Enemy2.prefab
  artifactKey: Guid(2127732810af04247bb84b2bb313ba3b) Importer(815301076,1909f56bfc062723c751e8b465ee728b)
Start importing Assets/Prefabs/Enemy2.prefab using Guid(2127732810af04247bb84b2bb313ba3b) Importer(815301076,1909f56bfc062723c751e8b465ee728b)  -> (artifact id: '3fde60bc2cab1c2a5e34bee3c25af1f1') in 0.014448 seconds 
  Import took 0.017075 seconds .

========================================================================
Received Import Request.
  Time since last request: 12.342406 seconds.
  path: Assets/Prefabs/Enemy3.prefab
  artifactKey: Guid(40e4d18fae0eb924cb3cf3dbcc9f6875) Importer(815301076,1909f56bfc062723c751e8b465ee728b)
Start importing Assets/Prefabs/Enemy3.prefab using Guid(40e4d18fae0eb924cb3cf3dbcc9f6875) Importer(815301076,1909f56bfc062723c751e8b465ee728b)  -> (artifact id: 'c11e980b337122893a81c89aa11489c3') in 0.012921 seconds 
  Import took 0.016205 seconds .

========================================================================
Received Import Request.
  Time since last request: 0.504061 seconds.
  path: Assets/Prefabs/Enemy2.prefab
  artifactKey: Guid(2127732810af04247bb84b2bb313ba3b) Importer(815301076,1909f56bfc062723c751e8b465ee728b)
Start importing Assets/Prefabs/Enemy2.prefab using Guid(2127732810af04247bb84b2bb313ba3b) Importer(815301076,1909f56bfc062723c751e8b465ee728b)  -> (artifact id: '9d0752eabfc08b4f341f94b628dc90d9') in 0.011989 seconds 
  Import took 0.014880 seconds .

========================================================================
Received Import Request.
  Time since last request: 5.338105 seconds.
  path: Assets/Prefabs/Enemy4Sphere.prefab
  artifactKey: Guid(fda8ea1822e4e0a45910257e761f3e6b) Importer(815301076,1909f56bfc062723c751e8b465ee728b)
Start importing Assets/Prefabs/Enemy4Sphere.prefab using Guid(fda8ea1822e4e0a45910257e761f3e6b) Importer(815301076,1909f56bfc062723c751e8b465ee728b)  -> (artifact id: '25740e6f33c1161e4a71c3eee596c2f8') in 0.010128 seconds 
  Import took 0.012620 seconds .

========================================================================
Received Import Request.
  Time since last request: 56.639702 seconds.
  path: Assets/Prefabs/Enemy1.prefab
  artifactKey: Guid(5c51a03c486cf724ab2798f23400b59d) Importer(815301076,1909f56bfc062723c751e8b465ee728b)
Start importing Assets/Prefabs/Enemy1.prefab using Guid(5c51a03c486cf724ab2798f23400b59d) Importer(815301076,1909f56bfc062723c751e8b465ee728b)  -> (artifact id: '7fea6cc9a63d665c91f23c4299ea5b23') in 0.019082 seconds 
  Import took 0.021649 seconds .

========================================================================
Received Import Request.
  Time since last request: 0.048923 seconds.
  path: Assets/Prefabs/Enemy1.prefab
  artifactKey: Guid(5c51a03c486cf724ab2798f23400b59d) Importer(815301076,1909f56bfc062723c751e8b465ee728b)
Start importing Assets/Prefabs/Enemy1.prefab using Guid(5c51a03c486cf724ab2798f23400b59d) Importer(815301076,1909f56bfc062723c751e8b465ee728b)  -> (artifact id: '7fea6cc9a63d665c91f23c4299ea5b23') in 0.016700 seconds 
  Import took 0.019448 seconds .

========================================================================
Received Prepare
Registering precompiled user dll's ...
Registered in 0.003541 seconds.
Begin MonoManager ReloadAssembly
Native extension for WindowsStandalone target not found
Native extension for WebGL target not found
Refreshing native plugins compatible for Editor in 0.34 ms, found 2 plugins.
Preloading 0 native plugins for Editor in 0.00 ms.
Mono: successfully reloaded assembly
- Completed reload, in  0.856 seconds
Platform modules already initialized, skipping
Refreshing native plugins compatible for Editor in 0.36 ms, found 2 plugins.
Preloading 0 native plugins for Editor in 0.00 ms.
Unloading 1531 Unused Serialized files (Serialized files now loaded: 0)
System memory in use before: 74.1 MB.
System memory in use after: 74.2 MB.

Unloading 15 unused Assets to reduce memory usage. Loaded Objects now: 1993.
Total: 2.143600 ms (FindLiveObjects: 0.122000 ms CreateObjectMapping: 0.038000 ms MarkObjects: 1.853900 ms  DeleteObjects: 0.128900 ms)

AssetImportParameters requested are different than current active one (requested -> active):
  custom:framework-win-MediaFoundation: 216162199b28c13a410421893ffa2e32 -> 
  custom:video-decoder-ogg-theora: a1e56fd34408186e4bbccfd4996cb3dc -> 
  custom:container-muxer-webm: aa71ff27fc2769a1b78a27578f13a17b -> 
  custom:container-demuxer-webm: 4f35f7cbe854078d1ac9338744f61a02 -> 
  custom:container-demuxer-ogg: 62fdf1f143b41e24485cea50d1cbac27 -> 
  custom:video-encoder-webm-vp8: eb34c28f22e8b96e1ab97ce403110664 -> 
  custom:video-decoder-webm-vp8: 9c59270c3fd7afecdb556c50c9e8de78 -> 
  custom:audio-decoder-ogg-vorbis: bf7c407c2cedff20999df2af8eb42d56 -> 
  custom:audio-encoder-webm-vorbis: bf7c407c2cedff20999df2af8eb42d56 -> 
========================================================================
Received Import Request.
  Time since last request: 35.432049 seconds.
  path: Assets/Prefabs/Enemy3.prefab
  artifactKey: Guid(40e4d18fae0eb924cb3cf3dbcc9f6875) Importer(815301076,1909f56bfc062723c751e8b465ee728b)
Start importing Assets/Prefabs/Enemy3.prefab using Guid(40e4d18fae0eb924cb3cf3dbcc9f6875) Importer(815301076,1909f56bfc062723c751e8b465ee728b)  -> (artifact id: 'ae2b151717e31acf41ddcf9599fda90c') in 0.057412 seconds 
  Import took 0.060179 seconds .

========================================================================
Received Import Request.
  Time since last request: 21.158541 seconds.
  path: Assets/Prefabs/Enemy4Sphere.prefab
  artifactKey: Guid(fda8ea1822e4e0a45910257e761f3e6b) Importer(815301076,1909f56bfc062723c751e8b465ee728b)
Start importing Assets/Prefabs/Enemy4Sphere.prefab using Guid(fda8ea1822e4e0a45910257e761f3e6b) Importer(815301076,1909f56bfc062723c751e8b465ee728b)  -> (artifact id: 'c9e24ffaab2f28ecbbd8d9bc32445d3f') in 0.013206 seconds 
  Import took 0.017507 seconds .

========================================================================
Received Import Request.
  Time since last request: 14.410389 seconds.
  path: Assets/Prefabs/PowerUp.prefab
  artifactKey: Guid(30b72b39cc64ecb4898dcd02099df7de) Importer(815301076,1909f56bfc062723c751e8b465ee728b)
Start importing Assets/Prefabs/PowerUp.prefab using Guid(30b72b39cc64ecb4898dcd02099df7de) Importer(815301076,1909f56bfc062723c751e8b465ee728b)  -> (artifact id: 'e6747adbef8b698809996116b077b9ee') in 0.011330 seconds 
  Import took 0.014821 seconds .

========================================================================
Received Import Request.
  Time since last request: 56.948371 seconds.
  path: Assets/Prefabs/PowerUp.prefab
  artifactKey: Guid(30b72b39cc64ecb4898dcd02099df7de) Importer(815301076,1909f56bfc062723c751e8b465ee728b)
Start importing Assets/Prefabs/PowerUp.prefab using Guid(30b72b39cc64ecb4898dcd02099df7de) Importer(815301076,1909f56bfc062723c751e8b465ee728b)  -> (artifact id: '70b6643b57c449ef1de1b1585e3f6278') in 0.008015 seconds 
  Import took 0.010745 seconds .

========================================================================
Received Import Request.
  Time since last request: 0.042935 seconds.
  path: Assets/Prefabs/PowerUp.prefab
  artifactKey: Guid(30b72b39cc64ecb4898dcd02099df7de) Importer(815301076,1909f56bfc062723c751e8b465ee728b)
Start importing Assets/Prefabs/PowerUp.prefab using Guid(30b72b39cc64ecb4898dcd02099df7de) Importer(815301076,1909f56bfc062723c751e8b465ee728b)  -> (artifact id: '70b6643b57c449ef1de1b1585e3f6278') in 0.008206 seconds 
  Import took 0.010664 seconds .

========================================================================
Received Prepare
Registering precompiled user dll's ...
Registered in 0.004067 seconds.
Begin MonoManager ReloadAssembly
Native extension for WindowsStandalone target not found
Native extension for WebGL target not found
Refreshing native plugins compatible for Editor in 0.46 ms, found 2 plugins.
Preloading 0 native plugins for Editor in 0.00 ms.
Mono: successfully reloaded assembly
- Completed reload, in  0.915 seconds
Platform modules already initialized, skipping
Refreshing native plugins compatible for Editor in 0.39 ms, found 2 plugins.
Preloading 0 native plugins for Editor in 0.00 ms.
Unloading 1531 Unused Serialized files (Serialized files now loaded: 0)
System memory in use before: 74.1 MB.
System memory in use after: 74.2 MB.

Unloading 15 unused Assets to reduce memory usage. Loaded Objects now: 1997.
Total: 1.831700 ms (FindLiveObjects: 0.125600 ms CreateObjectMapping: 0.040200 ms MarkObjects: 1.623800 ms  DeleteObjects: 0.041300 ms)

AssetImportParameters requested are different than current active one (requested -> active):
  custom:framework-win-MediaFoundation: 216162199b28c13a410421893ffa2e32 -> 
  custom:video-decoder-ogg-theora: a1e56fd34408186e4bbccfd4996cb3dc -> 
  custom:container-muxer-webm: aa71ff27fc2769a1b78a27578f13a17b -> 
  custom:container-demuxer-webm: 4f35f7cbe854078d1ac9338744f61a02 -> 
  custom:container-demuxer-ogg: 62fdf1f143b41e24485cea50d1cbac27 -> 
  custom:video-encoder-webm-vp8: eb34c28f22e8b96e1ab97ce403110664 -> 
  custom:video-decoder-webm-vp8: 9c59270c3fd7afecdb556c50c9e8de78 -> 
  custom:audio-decoder-ogg-vorbis: bf7c407c2cedff20999df2af8eb42d56 -> 
  custom:audio-encoder-webm-vorbis: bf7c407c2cedff20999df2af8eb42d56 -> 
========================================================================
Received Import Request.
  Time since last request: 26.502092 seconds.
  path: Assets/Prefabs/PowerUp.prefab
  artifactKey: Guid(30b72b39cc64ecb4898dcd02099df7de) Importer(815301076,1909f56bfc062723c751e8b465ee728b)
Start importing Assets/Prefabs/PowerUp.prefab using Guid(30b72b39cc64ecb4898dcd02099df7de) Importer(815301076,1909f56bfc062723c751e8b465ee728b)  -> (artifact id: 'b8c06583c6d0fa6978fea9c2429603ea') in 0.054355 seconds 
  Import took 0.057253 seconds .

========================================================================
Received Import Request.
  Time since last request: 10.666638 seconds.
  path: Assets/Scripts/PlayerController.cs
  artifactKey: Guid(ff19bf4f342585f4ea1c8bcc19296640) Importer(815301076,1909f56bfc062723c751e8b465ee728b)
Start importing Assets/Scripts/PlayerController.cs using Guid(ff19bf4f342585f4ea1c8bcc19296640) Importer(815301076,1909f56bfc062723c751e8b465ee728b)  -> (artifact id: 'a5d1b04a8ff34853bf3da682b9a028cf') in 0.012512 seconds 
  Import took 0.015822 seconds .

========================================================================
Received Import Request.
  Time since last request: 0.003120 seconds.
  path: Assets/Scripts/PlayerController.cs
  artifactKey: Guid(ff19bf4f342585f4ea1c8bcc19296640) Importer(815301076,1909f56bfc062723c751e8b465ee728b)
Start importing Assets/Scripts/PlayerController.cs using Guid(ff19bf4f342585f4ea1c8bcc19296640) Importer(815301076,1909f56bfc062723c751e8b465ee728b)  -> (artifact id: 'a5d1b04a8ff34853bf3da682b9a028cf') in 0.003253 seconds 
  Import took 0.006413 seconds .

========================================================================
Received Prepare
Registering precompiled user dll's ...
Registered in 0.008445 seconds.
Begin MonoManager ReloadAssembly
Native extension for WindowsStandalone target not found
Native extension for WebGL target not found
Refreshing native plugins compatible for Editor in 0.34 ms, found 2 plugins.
Preloading 0 native plugins for Editor in 0.00 ms.
Mono: successfully reloaded assembly
- Completed reload, in  0.897 seconds
Platform modules already initialized, skipping
Refreshing native plugins compatible for Editor in 0.39 ms, found 2 plugins.
Preloading 0 native plugins for Editor in 0.00 ms.
Unloading 1531 Unused Serialized files (Serialized files now loaded: 0)
System memory in use before: 74.2 MB.
System memory in use after: 74.2 MB.

Unloading 15 unused Assets to reduce memory usage. Loaded Objects now: 2001.
Total: 1.914600 ms (FindLiveObjects: 0.133000 ms CreateObjectMapping: 0.043200 ms MarkObjects: 1.694800 ms  DeleteObjects: 0.042700 ms)

AssetImportParameters requested are different than current active one (requested -> active):
  custom:framework-win-MediaFoundation: 216162199b28c13a410421893ffa2e32 -> 
  custom:video-decoder-ogg-theora: a1e56fd34408186e4bbccfd4996cb3dc -> 
  custom:container-muxer-webm: aa71ff27fc2769a1b78a27578f13a17b -> 
  custom:container-demuxer-webm: 4f35f7cbe854078d1ac9338744f61a02 -> 
  custom:container-demuxer-ogg: 62fdf1f143b41e24485cea50d1cbac27 -> 
  custom:video-encoder-webm-vp8: eb34c28f22e8b96e1ab97ce403110664 -> 
  custom:video-decoder-webm-vp8: 9c59270c3fd7afecdb556c50c9e8de78 -> 
  custom:audio-decoder-ogg-vorbis: bf7c407c2cedff20999df2af8eb42d56 -> 
  custom:audio-encoder-webm-vorbis: bf7c407c2cedff20999df2af8eb42d56 -> 
========================================================================
Received Prepare
Registering precompiled user dll's ...
Registered in 0.003729 seconds.
Begin MonoManager ReloadAssembly
Native extension for WindowsStandalone target not found
Native extension for WebGL target not found
Refreshing native plugins compatible for Editor in 0.35 ms, found 2 plugins.
Preloading 0 native plugins for Editor in 0.00 ms.
Mono: successfully reloaded assembly
- Completed reload, in  0.866 seconds
Platform modules already initialized, skipping
Refreshing native plugins compatible for Editor in 0.42 ms, found 2 plugins.
Preloading 0 native plugins for Editor in 0.00 ms.
Unloading 1531 Unused Serialized files (Serialized files now loaded: 0)
System memory in use before: 74.2 MB.
System memory in use after: 74.2 MB.

Unloading 15 unused Assets to reduce memory usage. Loaded Objects now: 2004.
Total: 1.955700 ms (FindLiveObjects: 0.145500 ms CreateObjectMapping: 0.040300 ms MarkObjects: 1.726200 ms  DeleteObjects: 0.042800 ms)

AssetImportParameters requested are different than current active one (requested -> active):
  custom:framework-win-MediaFoundation: 216162199b28c13a410421893ffa2e32 -> 
  custom:video-decoder-ogg-theora: a1e56fd34408186e4bbccfd4996cb3dc -> 
  custom:container-muxer-webm: aa71ff27fc2769a1b78a27578f13a17b -> 
  custom:container-demuxer-webm: 4f35f7cbe854078d1ac9338744f61a02 -> 
  custom:container-demuxer-ogg: 62fdf1f143b41e24485cea50d1cbac27 -> 
  custom:video-encoder-webm-vp8: eb34c28f22e8b96e1ab97ce403110664 -> 
  custom:video-decoder-webm-vp8: 9c59270c3fd7afecdb556c50c9e8de78 -> 
  custom:audio-decoder-ogg-vorbis: bf7c407c2cedff20999df2af8eb42d56 -> 
  custom:audio-encoder-webm-vorbis: bf7c407c2cedff20999df2af8eb42d56 -> 
AssetImportWorkerClient::OnTransportError - code=2 error=End of file
